#
# There is insufficient memory for the Java Runtime Environment to continue.
# Native memory allocation (malloc) failed to allocate 1280336 bytes for Chunk::new
# Possible reasons:
#   The system is out of physical RAM or swap space
#   In 32 bit mode, the process size limit was hit
# Possible solutions:
#   Reduce memory load on the system
#   Increase physical memory or swap space
#   Check if swap backing store is full
#   Use 64 bit Java on a 64 bit OS
#   Decrease Java heap size (-Xmx/-Xms)
#   Decrease number of Java threads
#   Decrease Java thread stack sizes (-Xss)
#   Set larger code cache with -XX:ReservedCodeCacheSize=
# This output file may be truncated or incomplete.
#
#  Out of Memory Error (allocation.cpp:390), pid=3980, tid=0x0000000000002284
#
# JRE version: OpenJDK Runtime Environment (8.0_112-b06) (build 1.8.0_112-release-b06)
# Java VM: OpenJDK 64-Bit Server VM (25.112-b06 mixed mode windows-amd64 compressed oops)
# Failed to write core dump. Minidumps are not enabled by default on client versions of Windows
#

---------------  T H R E A D  ---------------

Current thread (0x000000002f65c000):  JavaThread "C2 CompilerThread1" daemon [_thread_in_native, id=8836, stack(0x0000000030db0000,0x0000000030eb0000)]

Stack: [0x0000000030db0000,0x0000000030eb0000]
[error occurred during error reporting (printing stack bounds), id 0xc0000005]

Native frames: (J=compiled Java code, j=interpreted, Vv=VM code, C=native code)


Current CompileTask:
C2:   2363 1020       4       com.android.dx.merge.DexMerger::transformCode (234 bytes)


---------------  P R O C E S S  ---------------

Java Threads: ( => current thread )
  0x000000002f664800 JavaThread "Service Thread" daemon [_thread_blocked, id=6296, stack(0x00000000313b0000,0x00000000314b0000)]
  0x000000002f661800 JavaThread "C1 CompilerThread2" daemon [_thread_blocked, id=6004, stack(0x0000000030eb0000,0x0000000030fb0000)]
=>0x000000002f65c000 JavaThread "C2 CompilerThread1" daemon [_thread_in_native, id=8836, stack(0x0000000030db0000,0x0000000030eb0000)]
  0x000000002f66b800 JavaThread "C2 CompilerThread0" daemon [_thread_in_native, id=3724, stack(0x0000000030cb0000,0x0000000030db0000)]
  0x000000002f66a000 JavaThread "Attach Listener" daemon [_thread_blocked, id=5276, stack(0x0000000030bb0000,0x0000000030cb0000)]
  0x000000002f668800 JavaThread "Signal Dispatcher" daemon [_thread_blocked, id=4384, stack(0x0000000030ab0000,0x0000000030bb0000)]
  0x0000000001f9d800 JavaThread "Finalizer" daemon [_thread_blocked, id=5676, stack(0x00000000308c0000,0x00000000309c0000)]
  0x0000000001f92800 JavaThread "Reference Handler" daemon [_thread_blocked, id=5904, stack(0x00000000307c0000,0x00000000308c0000)]
  0x0000000001e9e800 JavaThread "main" [_thread_in_Java, id=8104, stack(0x0000000001cc0000,0x0000000001dc0000)]

Other Threads:
  0x000000002f626000 VMThread [stack: 0x00000000306c0000,0x00000000307c0000] [id=2608]
  0x000000002f6be800 WatcherThread [stack: 0x00000000314b0000,0x00000000315b0000] [id=10376]

VM state:not at safepoint (normal execution)

VM Mutex/Monitor currently owned by a thread: None

Heap:
 PSYoungGen      total 59904K, used 31350K [0x00000006c0000000, 0x00000006c5380000, 0x00000007c0000000)
  eden space 39424K, 55% used [0x00000006c0000000,0x00000006c158c770,0x00000006c2680000)
  from space 20480K, 45% used [0x00000006c2680000,0x00000006c2f91220,0x00000006c3a80000)
  to   space 21504K, 0% used [0x00000006c3a80000,0x00000006c3a80000,0x00000006c4f80000)
 ParOldGen       total 68096K, used 14284K [0x00000004c0000000, 0x00000004c4280000, 0x00000006c0000000)
  object space 68096K, 20% used [0x00000004c0000000,0x00000004c0df32a8,0x00000004c4280000)
 Metaspace       used 4632K, capacity 5424K, committed 5632K, reserved 1056768K
  class space    used 479K, capacity 488K, committed 512K, reserved 1048576K

Card table byte_map: [0x00000000127c0000,0x0000000013fd0000] byte_map_base: 0x00000000101c0000

Marking Bits: (ParMarkBitMap*) 0x0000000054ca18f0
 Begin Bits: [0x00000000153d0000, 0x00000000213d0000)
 End Bits:   [0x00000000213d0000, 0x000000002d3d0000)

Polling page: 0x0000000001c80000

CodeCache: size=245760Kb used=3776Kb max_used=3786Kb free=241983Kb
 bounds [0x0000000003400000, 0x00000000037c0000, 0x0000000012400000]
 total_blobs=1359 nmethods=1091 adapters=182
 compilation: enabled

Compilation events (10 events):
Event: 2.233 Thread 0x000000002f661800 1102       2       java.util.TimSort::ensureCapacity (107 bytes)
Event: 2.234 Thread 0x000000002f661800 nmethod 1102 0x000000000379d450 code [0x000000000379d5c0, 0x000000000379d858]
Event: 2.237 Thread 0x000000002f661800 1105       2       com.android.dx.io.instructions.ShortArrayCodeOutput::write (33 bytes)
Event: 2.237 Thread 0x000000002f661800 nmethod 1105 0x000000000379b990 code [0x000000000379bb00, 0x000000000379bd30]
Event: 2.237 Thread 0x000000002f661800 1106       2       com.android.dx.io.instructions.InstructionCodec$34::encode (192 bytes)
Event: 2.237 Thread 0x000000002f66b800 nmethod 1086% 0x00000000037ab650 code [0x00000000037ab880, 0x00000000037acfc8]
Event: 2.238 Thread 0x000000002f66b800 1090       4       java.util.HashMap::putVal (300 bytes)
Event: 2.238 Thread 0x000000002f661800 nmethod 1106 0x00000000037aa010 code [0x00000000037aa240, 0x00000000037aac28]
Event: 2.238 Thread 0x000000002f661800 1107       2       com.android.dx.io.instructions.FillArrayDataPayloadDecodedInstruction::getElementWidthUnit (6 bytes)
Event: 2.238 Thread 0x000000002f661800 nmethod 1107 0x000000000379b650 code [0x000000000379b7a0, 0x000000000379b8f0]

GC Heap History (10 events):
Event: 1.049 GC heap before
{Heap before GC invocations=5 (full 1):
 PSYoungGen      total 18944K, used 16512K [0x00000006c0000000, 0x00000006c1980000, 0x00000007c0000000)
  eden space 16384K, 100% used [0x00000006c0000000,0x00000006c1000000,0x00000006c1000000)
  from space 2560K, 5% used [0x00000006c1000000,0x00000006c1020000,0x00000006c1280000)
  to   space 2560K, 0% used [0x00000006c1700000,0x00000006c1700000,0x00000006c1980000)
 ParOldGen       total 68096K, used 13819K [0x00000004c0000000, 0x00000004c4280000, 0x00000006c0000000)
  object space 68096K, 20% used [0x00000004c0000000,0x00000004c0d7ec20,0x00000004c4280000)
 Metaspace       used 3886K, capacity 5008K, committed 5120K, reserved 1056768K
  class space    used 403K, capacity 456K, committed 512K, reserved 1048576K
Event: 1.050 GC heap after
Heap after GC invocations=5 (full 1):
 PSYoungGen      total 23552K, used 608K [0x00000006c0000000, 0x00000006c1980000, 0x00000007c0000000)
  eden space 20992K, 0% used [0x00000006c0000000,0x00000006c0000000,0x00000006c1480000)
  from space 2560K, 23% used [0x00000006c1700000,0x00000006c1798000,0x00000006c1980000)
  to   space 2560K, 0% used [0x00000006c1480000,0x00000006c1480000,0x00000006c1700000)
 ParOldGen       total 68096K, used 13827K [0x00000004c0000000, 0x00000004c4280000, 0x00000006c0000000)
  object space 68096K, 20% used [0x00000004c0000000,0x00000004c0d80c20,0x00000004c4280000)
 Metaspace       used 3886K, capacity 5008K, committed 5120K, reserved 1056768K
  class space    used 403K, capacity 456K, committed 512K, reserved 1048576K
}
Event: 1.805 GC heap before
{Heap before GC invocations=6 (full 1):
 PSYoungGen      total 23552K, used 21600K [0x00000006c0000000, 0x00000006c1980000, 0x00000007c0000000)
  eden space 20992K, 100% used [0x00000006c0000000,0x00000006c1480000,0x00000006c1480000)
  from space 2560K, 23% used [0x00000006c1700000,0x00000006c1798000,0x00000006c1980000)
  to   space 2560K, 0% used [0x00000006c1480000,0x00000006c1480000,0x00000006c1700000)
 ParOldGen       total 68096K, used 13827K [0x00000004c0000000, 0x00000004c4280000, 0x00000006c0000000)
  object space 68096K, 20% used [0x00000004c0000000,0x00000004c0d80c20,0x00000004c4280000)
 Metaspace       used 4348K, capacity 5424K, committed 5632K, reserved 1056768K
  class space    used 449K, capacity 488K, committed 512K, reserved 1048576K
Event: 1.812 GC heap after
Heap after GC invocations=6 (full 1):
 PSYoungGen      total 23552K, used 2544K [0x00000006c0000000, 0x00000006c4a80000, 0x00000007c0000000)
  eden space 20992K, 0% used [0x00000006c0000000,0x00000006c0000000,0x00000006c1480000)
  from space 2560K, 99% used [0x00000006c1480000,0x00000006c16fc330,0x00000006c1700000)
  to   space 25088K, 0% used [0x00000006c3200000,0x00000006c3200000,0x00000006c4a80000)
 ParOldGen       total 68096K, used 14012K [0x00000004c0000000, 0x00000004c4280000, 0x00000006c0000000)
  object space 68096K, 20% used [0x00000004c0000000,0x00000004c0daf290,0x00000004c4280000)
 Metaspace       used 4348K, capacity 5424K, committed 5632K, reserved 1056768K
  class space    used 449K, capacity 488K, committed 512K, reserved 1048576K
}
Event: 1.881 GC heap before
{Heap before GC invocations=7 (full 1):
 PSYoungGen      total 23552K, used 23536K [0x00000006c0000000, 0x00000006c4a80000, 0x00000007c0000000)
  eden space 20992K, 100% used [0x00000006c0000000,0x00000006c1480000,0x00000006c1480000)
  from space 2560K, 99% used [0x00000006c1480000,0x00000006c16fc330,0x00000006c1700000)
  to   space 25088K, 0% used [0x00000006c3200000,0x00000006c3200000,0x00000006c4a80000)
 ParOldGen       total 68096K, used 14012K [0x00000004c0000000, 0x00000004c4280000, 0x00000006c0000000)
  object space 68096K, 20% used [0x00000004c0000000,0x00000004c0daf290,0x00000004c4280000)
 Metaspace       used 4365K, capacity 5424K, committed 5632K, reserved 1056768K
  class space    used 449K, capacity 488K, committed 512K, reserved 1048576K
Event: 1.885 GC heap after
Heap after GC invocations=7 (full 1):
 PSYoungGen      total 51200K, used 2768K [0x00000006c0000000, 0x00000006c4880000, 0x00000007c0000000)
  eden space 28160K, 0% used [0x00000006c0000000,0x00000006c0000000,0x00000006c1b80000)
  from space 23040K, 12% used [0x00000006c3200000,0x00000006c34b4348,0x00000006c4880000)
  to   space 23040K, 0% used [0x00000006c1b80000,0x00000006c1b80000,0x00000006c3200000)
 ParOldGen       total 68096K, used 14012K [0x00000004c0000000, 0x00000004c4280000, 0x00000006c0000000)
  object space 68096K, 20% used [0x00000004c0000000,0x00000004c0daf290,0x00000004c4280000)
 Metaspace       used 4365K, capacity 5424K, committed 5632K, reserved 1056768K
  class space    used 449K, capacity 488K, committed 512K, reserved 1048576K
}
Event: 2.113 GC heap before
{Heap before GC invocations=8 (full 1):
 PSYoungGen      total 51200K, used 30928K [0x00000006c0000000, 0x00000006c4880000, 0x00000007c0000000)
  eden space 28160K, 100% used [0x00000006c0000000,0x00000006c1b80000,0x00000006c1b80000)
  from space 23040K, 12% used [0x00000006c3200000,0x00000006c34b4348,0x00000006c4880000)
  to   space 23040K, 0% used [0x00000006c1b80000,0x00000006c1b80000,0x00000006c3200000)
 ParOldGen       total 68096K, used 14012K [0x00000004c0000000, 0x00000004c4280000, 0x00000006c0000000)
  object space 68096K, 20% used [0x00000004c0000000,0x00000004c0daf290,0x00000004c4280000)
 Metaspace       used 4618K, capacity 5424K, committed 5632K, reserved 1056768K
  class space    used 478K, capacity 488K, committed 512K, reserved 1048576K
Event: 2.120 GC heap after
Heap after GC invocations=8 (full 1):
 PSYoungGen      total 51200K, used 7460K [0x00000006c0000000, 0x00000006c4f80000, 0x00000007c0000000)
  eden space 28160K, 0% used [0x00000006c0000000,0x00000006c0000000,0x00000006c1b80000)
  from space 23040K, 32% used [0x00000006c1b80000,0x00000006c22c91e0,0x00000006c3200000)
  to   space 21504K, 0% used [0x00000006c3a80000,0x00000006c3a80000,0x00000006c4f80000)
 ParOldGen       total 68096K, used 14020K [0x00000004c0000000, 0x00000004c4280000, 0x00000006c0000000)
  object space 68096K, 20% used [0x00000004c0000000,0x00000004c0db1290,0x00000004c4280000)
 Metaspace       used 4618K, capacity 5424K, committed 5632K, reserved 1056768K
  class space    used 478K, capacity 488K, committed 512K, reserved 1048576K
}
Event: 2.169 GC heap before
{Heap before GC invocations=9 (full 1):
 PSYoungGen      total 51200K, used 35620K [0x00000006c0000000, 0x00000006c4f80000, 0x00000007c0000000)
  eden space 28160K, 100% used [0x00000006c0000000,0x00000006c1b80000,0x00000006c1b80000)
  from space 23040K, 32% used [0x00000006c1b80000,0x00000006c22c91e0,0x00000006c3200000)
  to   space 21504K, 0% used [0x00000006c3a80000,0x00000006c3a80000,0x00000006c4f80000)
 ParOldGen       total 68096K, used 14020K [0x00000004c0000000, 0x00000004c4280000, 0x00000006c0000000)
  object space 68096K, 20% used [0x00000004c0000000,0x00000004c0db1290,0x00000004c4280000)
 Metaspace       used 4619K, capacity 5424K, committed 5632K, reserved 1056768K
  class space    used 478K, capacity 488K, committed 512K, reserved 1048576K
Event: 2.179 GC heap after
Heap after GC invocations=9 (full 1):
 PSYoungGen      total 60928K, used 7748K [0x00000006c0000000, 0x00000006c5380000, 0x00000007c0000000)
  eden space 39424K, 0% used [0x00000006c0000000,0x00000006c0000000,0x00000006c2680000)
  from space 21504K, 36% used [0x00000006c3a80000,0x00000006c42111f0,0x00000006c4f80000)
  to   space 20480K, 0% used [0x00000006c2680000,0x00000006c2680000,0x00000006c3a80000)
 ParOldGen       total 68096K, used 14020K [0x00000004c0000000, 0x00000004c4280000, 0x00000006c0000000)
  object space 68096K, 20% used [0x00000004c0000000,0x00000004c0db1290,0x00000004c4280000)
 Metaspace       used 4619K, capacity 5424K, committed 5632K, reserved 1056768K
  class space    used 478K, capacity 488K, committed 512K, reserved 1048576K
}

Deoptimization events (10 events):
Event: 1.760 Thread 0x0000000001e9e800 Uncommon trap: reason=unstable_if action=reinterpret pc=0x000000000361abdc method=java.util.HashMap.getNode(ILjava/lang/Object;)Ljava/util/HashMap$Node; @ 84
Event: 1.958 Thread 0x0000000001e9e800 Uncommon trap: reason=speculate_class_check action=maybe_recompile pc=0x00000000036947cc method=java.util.HashMap.putVal(ILjava/lang/Object;Ljava/lang/Object;ZZ)Ljava/lang/Object; @ 56
Event: 1.958 Thread 0x0000000001e9e800 Uncommon trap: reason=speculate_class_check action=maybe_recompile pc=0x0000000003694818 method=java.util.HashMap.putVal(ILjava/lang/Object;Ljava/lang/Object;ZZ)Ljava/lang/Object; @ 152
Event: 1.958 Thread 0x0000000001e9e800 Uncommon trap: reason=speculate_class_check action=maybe_recompile pc=0x00000000036947cc method=java.util.HashMap.putVal(ILjava/lang/Object;Ljava/lang/Object;ZZ)Ljava/lang/Object; @ 56
Event: 1.958 Thread 0x0000000001e9e800 Uncommon trap: reason=speculate_class_check action=maybe_recompile pc=0x00000000036947cc method=java.util.HashMap.putVal(ILjava/lang/Object;Ljava/lang/Object;ZZ)Ljava/lang/Object; @ 56
Event: 1.959 Thread 0x0000000001e9e800 Uncommon trap: reason=unstable_if action=reinterpret pc=0x0000000003546918 method=java.lang.String.indexOf(II)I @ 49
Event: 1.960 Thread 0x0000000001e9e800 Uncommon trap: reason=unstable_if action=reinterpret pc=0x0000000003697208 method=java.util.HashMap.resize()[Ljava/util/HashMap$Node; @ 68
Event: 2.108 Thread 0x0000000001e9e800 Uncommon trap: reason=unstable_if action=reinterpret pc=0x0000000003645eac method=com.android.dx.merge.DexMerger$IdMerger.mergeSorted()V @ 103
Event: 2.108 Thread 0x0000000001e9e800 Uncommon trap: reason=unstable_if action=reinterpret pc=0x0000000003633898 method=com.android.dx.merge.DexMerger$IdMerger.readIntoMap(Lcom/android/dex/Dex$Section;Lcom/android/dex/TableOfContents$Section;Lcom/android/dx/merge/IndexMap;ILjava/util/TreeMap;IaŽ*š@
Event: 2.200 Thread 0x0000000001e9e800 Uncommon trap: reason=unloaded action=reinterpret pc=0x00000000036be7fc method=com.android.dx.merge.IndexMap$EncodedValueTransformer.transform(Lcom/android/dex/EncodedValueReader;)V @ 232

Internal exceptions (3 events):
Event: 0.044 Thread 0x0000000001e9e800 Exception <a 'java/lang/NoSuchMethodError': Method sun.misc.Unsafe.defineClass(Ljava/lang/String;[BII)Ljava/lang/Class; name or signature does not match> (0x00000006c0007c78) thrown at [C:\src\android\AOSP-openjdk\external\jetbrains\jdk\hotspot\src\share\v.*s±q¦?
Event: 0.044 Thread 0x0000000001e9e800 Exception <a 'java/lang/NoSuchMethodError': Method sun.misc.Unsafe.prefetchRead(Ljava/lang/Object;J)V name or signature does not match> (0x00000006c0007f60) thrown at [C:\src\android\AOSP-openjdk\external\jetbrains\jdk\hotspot\src\share\vm\prims\jni.cpp, lJ‹‘(\Ü
Event: 2.108 Thread 0x0000000001e9e800 Implicit null exception at 0x00000000036332d4 to 0x0000000003633871

Events (10 events):
Event: 2.179 Executing VM operation: ParallelGCFailedAllocation done
Event: 2.193 Thread 0x0000000001e9e800 DEOPT PACKING pc=0x000000000379853b sp=0x0000000001dbee90
Event: 2.193 Thread 0x0000000001e9e800 DEOPT UNPACKING pc=0x00000000034475bf sp=0x0000000001dbeb80 mode 0
Event: 2.195 Thread 0x0000000001e9e800 DEOPT PACKING pc=0x000000000379853b sp=0x0000000001dbed30
Event: 2.195 Thread 0x0000000001e9e800 DEOPT UNPACKING pc=0x00000000034475bf sp=0x0000000001dbea20 mode 0
Event: 2.200 Thread 0x0000000001e9e800 Uncommon trap: trap_request=0x0000006a fr.pc=0x00000000036be7fc
Event: 2.200 Thread 0x0000000001e9e800 DEOPT PACKING pc=0x00000000036be7fc sp=0x0000000001dbec40
Event: 2.200 Thread 0x0000000001e9e800 DEOPT UNPACKING pc=0x000000000344556a sp=0x0000000001dbec30 mode 2
Event: 2.206 loading class java/util/Collections$EmptyIterator
Event: 2.231 loading class java/util/Collections$EmptyIterator done


Dynamic libraries:
0x00007ff61ead0000 - 0x00007ff61eb01000 	C:\Program Files\Android\Android Studio\jre\bin\java.exe
0x00007fffa93c0000 - 0x00007fffa959b000 	C:\WINDOWS\SYSTEM32\ntdll.dll
0x00007fffa8d20000 - 0x00007fffa8dce000 	C:\WINDOWS\System32\KERNEL32.DLL
0x00007fffa5c20000 - 0x00007fffa5e69000 	C:\WINDOWS\System32\KERNELBASE.dll
0x00007fffa6de0000 - 0x00007fffa6e81000 	C:\WINDOWS\System32\ADVAPI32.dll
0x00007fffa8ac0000 - 0x00007fffa8b5d000 	C:\WINDOWS\System32\msvcrt.dll
0x00007fffa88c0000 - 0x00007fffa8919000 	C:\WINDOWS\System32\sechost.dll
0x00007fffa6cb0000 - 0x00007fffa6dd5000 	C:\WINDOWS\System32\RPCRT4.dll
0x00007fffa8b60000 - 0x00007fffa8caa000 	C:\WINDOWS\System32\USER32.dll
0x00007fffa60b0000 - 0x00007fffa60ce000 	C:\WINDOWS\System32\win32u.dll
0x00007fffa6c80000 - 0x00007fffa6ca7000 	C:\WINDOWS\System32\GDI32.dll
0x00007fffa5e70000 - 0x00007fffa5ff8000 	C:\WINDOWS\System32\gdi32full.dll
0x00007fffa60d0000 - 0x00007fffa616a000 	C:\WINDOWS\System32\msvcp_win.dll
0x00007fffa5b20000 - 0x00007fffa5c16000 	C:\WINDOWS\System32\ucrtbase.dll
0x00007fff9e7e0000 - 0x00007fff9ea47000 	C:\WINDOWS\WinSxS\amd64_microsoft.windows.common-controls_6595b64144ccf1df_6.0.15063.483_none_26002d27e7c744a2\COMCTL32.dll
0x00007fffa7010000 - 0x00007fffa7309000 	C:\WINDOWS\System32\combase.dll
0x00007fffa5ab0000 - 0x00007fffa5b1a000 	C:\WINDOWS\System32\bcryptPrimitives.dll
0x00007fffa6b00000 - 0x00007fffa6b2d000 	C:\WINDOWS\System32\IMM32.DLL
0x0000000055eb0000 - 0x0000000055f82000 	C:\Program Files\Android\Android Studio\jre\jre\bin\msvcr100.dll
0x00000000544e0000 - 0x0000000054d1c000 	C:\Program Files\Android\Android Studio\jre\jre\bin\server\jvm.dll
0x00007fffa8cb0000 - 0x00007fffa8cb8000 	C:\WINDOWS\System32\PSAPI.DLL
0x00007fffa07f0000 - 0x00007fffa07fa000 	C:\WINDOWS\SYSTEM32\VERSION.dll
0x00007fff9c1d0000 - 0x00007fff9c1d9000 	C:\WINDOWS\SYSTEM32\WSOCK32.dll
0x00007fffa3d40000 - 0x00007fffa3d63000 	C:\WINDOWS\SYSTEM32\WINMM.dll
0x00007fffa6920000 - 0x00007fffa698c000 	C:\WINDOWS\System32\WS2_32.dll
0x00007fffa3ce0000 - 0x00007fffa3d0b000 	C:\WINDOWS\SYSTEM32\WINMMBASE.dll
0x00007fffa68d0000 - 0x00007fffa6919000 	C:\WINDOWS\System32\cfgmgr32.dll
0x00007fffa1f10000 - 0x00007fffa1f1f000 	C:\Program Files\Android\Android Studio\jre\jre\bin\verify.dll
0x00007fff9fa40000 - 0x00007fff9fa69000 	C:\Program Files\Android\Android Studio\jre\jre\bin\java.dll
0x00007fffa18e0000 - 0x00007fffa18f6000 	C:\Program Files\Android\Android Studio\jre\jre\bin\zip.dll
0x00007fffa7480000 - 0x00007fffa88b7000 	C:\WINDOWS\System32\SHELL32.dll
0x00007fffa6a50000 - 0x00007fffa6afa000 	C:\WINDOWS\System32\shcore.dll
0x00007fffa6170000 - 0x00007fffa6863000 	C:\WINDOWS\System32\windows.storage.dll
0x00007fffa7420000 - 0x00007fffa7471000 	C:\WINDOWS\System32\shlwapi.dll
0x00007fffa58a0000 - 0x00007fffa58b1000 	C:\WINDOWS\System32\kernel.appcore.dll
0x00007fffa5850000 - 0x00007fffa589c000 	C:\WINDOWS\System32\powrprof.dll
0x00007fffa5830000 - 0x00007fffa5845000 	C:\WINDOWS\System32\profapi.dll

VM Arguments:
jvm_args: -Djava.awt.headless=true -Xmx12g -Dfile.encoding=windows-1252 -Duser.country=US -Duser.language=en -Duser.variant 
java_command: com.android.dx.command.Main --dex --num-threads=4 --output C:\Users\Lenovo\AndroidStudioProjects\LuanVanTotNghiep\app\build\intermediates\transforms\dex\debug\folders\1000\1f\main C:\Users\Lenovo\AndroidStudioProjects\LuanVanTotNghiep\app\build\intermediates\pre-dexed\debug\debug_33f3095bb9d2aa7a889fdf93ea7f885f744787c9.jar C:\Users\Lenovo\AndroidStudioProjects\LuanVanTotNghiep\app\build\intermediates\pre-dexed\debug\classes_fe5d104dd762e9e639420f9ab0aa3a85f384a949.jar C:\Users\Lenovo\AndroidStudioProjects\LuanVanTotNghiep\app\build\intermediates\pre-dexed\debug\classes_f9a6ae9ccdbb55315d203d47a197a2a17c0d2e7b.jar C:\Users\Lenovo\AndroidStudioProjects\LuanVanTotNghiep\app\build\intermediates\pre-dexed\debug\classes_003eb4b9c8a05c8a5a8673e28f3aad49faf48e69.jar C:\Users\Lenovo\AndroidStudioProjects\LuanVanTotNghiep\app\build\intermediates\pre-dexed\debug\classes_3b6fde308cc1bf4f3ee3a1691d7ca798d50ca1c5.jar C:\Users\Lenovo\AndroidStudioProjects\LuanVanTotNghiep\app\build\intermediates\pre-dexed\debug\classes_23e794797f27052cafd4cf896c008d5dffa46236.jar C:\Users\Lenovo\AndroidStudioProjects\LuanVanTotNghiep\app\build\intermediates\pre-dexed\debug\support-annotations-25.3.1_4eb7d75ac3272ba19f1bfe9dad9fd94043583361.jar C:\Users\Lenovo\AndroidStudioProjects\LuanVanTotNghiep\app\build\intermediates\pre-dexed\debug\classes_6d7d24563400c0587e9aab83badfbfccf97c6e6b.jar C:\Users\Lenovo\AndroidStudioProjects\LuanVanTotNghiep\app\build\intermediates\pre-dexed\debug\bolts-tasks-1.4.0_8eb946bd76a02cd0caef4ca77096723fd5e76e58.jar C:\Users\Lenovo\AndroidStudioProjects\LuanVanTotNghiep\app\build\intermediates\pre-dexed\debug\classes_dcc0718ae788b9922163cc1a3a50c2d85a3977af.jar C:\Users\Lenovo\AndroidStudioProjects\LuanVanTotNghiep\app\build\intermediates\pre-dexed\debug\bolts-applinks-1.4.0_cf7015197590529ca996b6d5b2c0bfc509b4cf33.jar C:\Users\Lenovo\AndroidStudioProjects\LuanVanTotNghiep\app\build\intermediates\pre-dexed\debug\classes_9e4bc3daec110ef5b0554e7ada4cc17eb
java_class_path (initial): C:\Users\Lenovo\AppData\Local\Android\sdk\build-tools\25.0.2\lib\dx.jar
Launcher Type: SUN_STANDARD

Environment Variables:
JAVA_HOME=C:\Program Files\Java\jdk1.8.0_121
PATH=C:\ProgramData\Oracle\Java\javapath;C:\Windows\system32;C:\Windows;C:\Windows\System32\Wbem;C:\Windows\System32\WindowsPowerShell\v1.0\;C:\Program Files (x86)\NVIDIA Corporation\PhysX\Common;C:\Program Files\Git\cmd;C:\WINDOWS\system32;C:\WINDOWS;C:\WINDOWS\System32\Wbem;C:\WINDOWS\System32\WindowsPowerShell\v1.0\;C:\Program Files\Microsoft SQL Server\120\Tools\Binn\;C:\Program Files\Microsoft SQL Server\Client SDK\ODBC\110\Tools\Binn\;C:\Program Files (x86)\Microsoft SQL Server\120\Tools\Binn\;C:\Program Files\Microsoft SQL Server\120\DTS\Binn\;C:\Program Files (x86)\Microsoft SQL Server\120\Tools\Binn\ManagementStudio\;C:\Program Files (x86)\Microsoft SQL Server\120\DTS\Binn\;C:\Users\Lenovo\AppData\Local\Microsoft\WindowsApps;
USERNAME=Lenovo
OS=Windows_NT
PROCESSOR_IDENTIFIER=Intel64 Family 6 Model 78 Stepping 3, GenuineIntel



---------------  S Y S T E M  ---------------

OS: Windows 10.0 , 64 bit Build 15063 (10.0.15063.296)

CPU:total 4 (2 cores per cpu, 2 threads per core) family 6 model 78 stepping 3, cmov, cx8, fxsr, mmx, sse, sse2, sse3, ssse3, sse4.1, sse4.2, popcnt, avx, avx2, aes, clmul, erms, 3dnowpref, lzcnt, ht, tsc, tscinvbit, bmi1, bmi2, adx

Memory: 4k page, physical 4097952k(284240k free), swap 8193952k(5468k free)

vm_info: OpenJDK 64-Bit Server VM (25.112-b06) for windows-amd64 JRE (1.8.0_112-release-b06), built on Dec  8 2016 00:54:26 by "builder" with MS VC++ 10.0 (VS2010)

time: Tue Aug 22 16:47:15 2017
elapsed time: 2 seconds (0d 0h 0m 2s)

