#
# There is insufficient memory for the Java Runtime Environment to continue.
# Native memory allocation (malloc) failed to allocate 1048576 bytes for AllocateHeap
# Possible reasons:
#   The system is out of physical RAM or swap space
#   In 32 bit mode, the process size limit was hit
# Possible solutions:
#   Reduce memory load on the system
#   Increase physical memory or swap space
#   Check if swap backing store is full
#   Use 64 bit Java on a 64 bit OS
#   Decrease Java heap size (-Xmx/-Xms)
#   Decrease number of Java threads
#   Decrease Java thread stack sizes (-Xss)
#   Set larger code cache with -XX:ReservedCodeCacheSize=
# This output file may be truncated or incomplete.
#
#  Out of Memory Error (memory/allocation.inline.hpp:61), pid=1648, tid=0x000000000000099c
#
# JRE version:  (8.0_112-b06) (build )
# Java VM: OpenJDK 64-Bit Server VM (25.112-b06 mixed mode windows-amd64 compressed oops)
# Failed to write core dump. Minidumps are not enabled by default on client versions of Windows
#

---------------  T H R E A D  ---------------

Current thread (0x0000000001890800):  JavaThread "Unknown thread" [_thread_in_vm, id=2460, stack(0x0000000001720000,0x0000000001820000)]

Stack: [0x0000000001720000,0x0000000001820000]
[error occurred during error reporting (printing stack bounds), id 0xc0000005]

Native frames: (J=compiled Java code, j=interpreted, Vv=VM code, C=native code)


---------------  P R O C E S S  ---------------

Java Threads: ( => current thread )

Other Threads:

=>0x0000000001890800 (exited) JavaThread "Unknown thread" [_thread_in_vm, id=2460, stack(0x0000000001720000,0x0000000001820000)]

VM state:not at safepoint (normal execution)

VM Mutex/Monitor currently owned by a thread: None

Heap:
 PSYoungGen      total 18944K, used 327K [0x00000006c0000000, 0x00000006c1500000, 0x00000007c0000000)
  eden space 16384K, 2% used [0x00000006c0000000,0x00000006c0051ec8,0x00000006c1000000)
  from space 2560K, 0% used [0x00000006c1280000,0x00000006c1280000,0x00000006c1500000)
  to   space 2560K, 0% used [0x00000006c1000000,0x00000006c1000000,0x00000006c1280000)
 ParOldGen       total 44032K, used 0K [0x00000004c0000000, 0x00000004c2b00000, 0x00000006c0000000)
  object space 44032K, 0% used [0x00000004c0000000,0x00000004c0000000,0x00000004c2b00000)
 Metaspace       used 772K, capacity 4480K, committed 4480K, reserved 1056768K
  class space    used 73K, capacity 384K, committed 384K, reserved 1048576K

Card table byte_map: [0x0000000012400000,0x0000000013c10000] byte_map_base: 0x000000000fe00000

Marking Bits: (ParMarkBitMap*) 0x0000000054ca18f0
 Begin Bits: [0x0000000014e10000, 0x0000000020e10000)
 End Bits:   [0x0000000020e10000, 0x000000002ce10000)

Polling page: 0x0000000000f40000

CodeCache: size=245760Kb used=328Kb max_used=328Kb free=245431Kb
 bounds [0x0000000003400000, 0x0000000003670000, 0x0000000012400000]
 total_blobs=57 nmethods=0 adapters=38
 compilation: enabled

Compilation events (0 events):
No events

GC Heap History (0 events):
No events

Deoptimization events (0 events):
No events

Internal exceptions (0 events):
No events

Events (10 events):
Event: 0.036 loading class java/lang/Short
Event: 0.036 loading class java/lang/Short done
Event: 0.036 loading class java/lang/Integer
Event: 0.036 loading class java/lang/Integer done
Event: 0.036 loading class java/lang/Long
Event: 0.036 loading class java/lang/Long done
Event: 0.037 loading class java/lang/NullPointerException
Event: 0.037 loading class java/lang/NullPointerException done
Event: 0.037 loading class java/lang/ArithmeticException
Event: 0.037 loading class java/lang/ArithmeticException done


Dynamic libraries:
0x00007ff61ead0000 - 0x00007ff61eb01000 	C:\Program Files\Android\Android Studio\jre\bin\java.exe
0x00007fffa93c0000 - 0x00007fffa959b000 	C:\WINDOWS\SYSTEM32\ntdll.dll
0x00007fffa8d20000 - 0x00007fffa8dce000 	C:\WINDOWS\System32\KERNEL32.DLL
0x00007fffa5c20000 - 0x00007fffa5e69000 	C:\WINDOWS\System32\KERNELBASE.dll
0x00007fffa6de0000 - 0x00007fffa6e81000 	C:\WINDOWS\System32\ADVAPI32.dll
0x00007fffa8ac0000 - 0x00007fffa8b5d000 	C:\WINDOWS\System32\msvcrt.dll
0x00007fffa88c0000 - 0x00007fffa8919000 	C:\WINDOWS\System32\sechost.dll
0x00007fffa6cb0000 - 0x00007fffa6dd5000 	C:\WINDOWS\System32\RPCRT4.dll
0x00007fffa8b60000 - 0x00007fffa8caa000 	C:\WINDOWS\System32\USER32.dll
0x00007fffa60b0000 - 0x00007fffa60ce000 	C:\WINDOWS\System32\win32u.dll
0x00007fffa6c80000 - 0x00007fffa6ca7000 	C:\WINDOWS\System32\GDI32.dll
0x00007fffa5e70000 - 0x00007fffa5ff8000 	C:\WINDOWS\System32\gdi32full.dll
0x00007fffa60d0000 - 0x00007fffa616a000 	C:\WINDOWS\System32\msvcp_win.dll
0x00007fffa5b20000 - 0x00007fffa5c16000 	C:\WINDOWS\System32\ucrtbase.dll
0x00007fff9e7e0000 - 0x00007fff9ea47000 	C:\WINDOWS\WinSxS\amd64_microsoft.windows.common-controls_6595b64144ccf1df_6.0.15063.483_none_26002d27e7c744a2\COMCTL32.dll
0x00007fffa7010000 - 0x00007fffa7309000 	C:\WINDOWS\System32\combase.dll
0x00007fffa5ab0000 - 0x00007fffa5b1a000 	C:\WINDOWS\System32\bcryptPrimitives.dll
0x00007fffa6b00000 - 0x00007fffa6b2d000 	C:\WINDOWS\System32\IMM32.DLL
0x0000000055eb0000 - 0x0000000055f82000 	C:\Program Files\Android\Android Studio\jre\jre\bin\msvcr100.dll
0x00000000544e0000 - 0x0000000054d1c000 	C:\Program Files\Android\Android Studio\jre\jre\bin\server\jvm.dll
0x00007fffa8cb0000 - 0x00007fffa8cb8000 	C:\WINDOWS\System32\PSAPI.DLL
0x00007fffa3d40000 - 0x00007fffa3d63000 	C:\WINDOWS\SYSTEM32\WINMM.dll
0x00007fffa07f0000 - 0x00007fffa07fa000 	C:\WINDOWS\SYSTEM32\VERSION.dll
0x00007fff9c1d0000 - 0x00007fff9c1d9000 	C:\WINDOWS\SYSTEM32\WSOCK32.dll
0x00007fffa6920000 - 0x00007fffa698c000 	C:\WINDOWS\System32\WS2_32.dll
0x00007fffa3ce0000 - 0x00007fffa3d0b000 	C:\WINDOWS\SYSTEM32\WINMMBASE.dll
0x00007fffa68d0000 - 0x00007fffa6919000 	C:\WINDOWS\System32\cfgmgr32.dll
0x00007fffa1f10000 - 0x00007fffa1f1f000 	C:\Program Files\Android\Android Studio\jre\jre\bin\verify.dll
0x00007fff9fa40000 - 0x00007fff9fa69000 	C:\Program Files\Android\Android Studio\jre\jre\bin\java.dll
0x00007fffa18e0000 - 0x00007fffa18f6000 	C:\Program Files\Android\Android Studio\jre\jre\bin\zip.dll

VM Arguments:
jvm_args: -Djava.awt.headless=true -Xmx12g -Dfile.encoding=windows-1252 -Duser.country=US -Duser.language=en -Duser.variant 
java_command: com.android.dx.command.Main --dex --num-threads=4 --output C:\Users\Lenovo\AndroidStudioProjects\LuanVanTotNghiep\app\build\intermediates\pre-dexed\debug\debug_33f3095bb9d2aa7a889fdf93ea7f885f744787c9.jar C:\Users\Lenovo\AndroidStudioProjects\LuanVanTotNghiep\app\build\intermediates\classes\debug
java_class_path (initial): C:\Users\Lenovo\AppData\Local\Android\sdk\build-tools\25.0.2\lib\dx.jar
Launcher Type: SUN_STANDARD

Environment Variables:
JAVA_HOME=C:\Program Files\Java\jdk1.8.0_121
PATH=C:\ProgramData\Oracle\Java\javapath;C:\Windows\system32;C:\Windows;C:\Windows\System32\Wbem;C:\Windows\System32\WindowsPowerShell\v1.0\;C:\Program Files (x86)\NVIDIA Corporation\PhysX\Common;C:\Program Files\Git\cmd;C:\WINDOWS\system32;C:\WINDOWS;C:\WINDOWS\System32\Wbem;C:\WINDOWS\System32\WindowsPowerShell\v1.0\;C:\Program Files\Microsoft SQL Server\120\Tools\Binn\;C:\Program Files\Microsoft SQL Server\Client SDK\ODBC\110\Tools\Binn\;C:\Program Files (x86)\Microsoft SQL Server\120\Tools\Binn\;C:\Program Files\Microsoft SQL Server\120\DTS\Binn\;C:\Program Files (x86)\Microsoft SQL Server\120\Tools\Binn\ManagementStudio\;C:\Program Files (x86)\Microsoft SQL Server\120\DTS\Binn\;C:\Users\Lenovo\AppData\Local\Microsoft\WindowsApps;
USERNAME=Lenovo
OS=Windows_NT
PROCESSOR_IDENTIFIER=Intel64 Family 6 Model 78 Stepping 3, GenuineIntel



---------------  S Y S T E M  ---------------

OS: Windows 10.0 , 64 bit Build 15063 (10.0.15063.296)

CPU:total 4 (2 cores per cpu, 2 threads per core) family 6 model 78 stepping 3, cmov, cx8, fxsr, mmx, sse, sse2, sse3, ssse3, sse4.1, sse4.2, popcnt, avx, avx2, aes, clmul, erms, 3dnowpref, lzcnt, ht, tsc, tscinvbit, bmi1, bmi2, adx

Memory: 4k page, physical 4097952k(265892k free), swap 8193952k(16400k free)

vm_info: OpenJDK 64-Bit Server VM (25.112-b06) for windows-amd64 JRE (1.8.0_112-release-b06), built on Dec  8 2016 00:54:26 by "builder" with MS VC++ 10.0 (VS2010)

time: Tue Aug 22 17:07:26 2017
elapsed time: 0 seconds (0d 0h 0m 0s)

